<?xml version="1.0" encoding="UTF-8"?>
<!-- Generated by org.testng.reporters.JUnitReportReporter -->
<testsuite hostname="LAPTOP-5CK4J9DQ" failures="0" tests="1" name="com.amazon.loginTest.LoginTest" time="5.241" errors="0" timestamp="2023-12-07T01:14:01 EST" skipped="0">
  <testcase classname="com.amazon.loginTest.LoginTest" name="loginTest" time="5.241"/>
</testsuite> <!-- com.amazon.loginTest.LoginTest -->
